{
"contracts\\CoveredCallContract.sol":{"l":{"16":30,"17":30,"18":30,"19":30,"20":30,"24":3,"28":2,"33":2,"39":3,"41":2,"43":1,"45":1,"47":1,"54":0,"56":0,"58":0,"60":0,"62":0,"64":0,"66":0,"68":0,"74":1,"75":1,"76":1},"path":"C:\\Users\\jokel\\covered_call_contract\\contracts\\CoveredCallContract.sol","s":{"1":2,"2":3,"3":2,"4":1,"5":0,"6":0,"7":0,"8":0,"9":0,"10":0,"11":0,"12":1,"13":1,"14":1},"b":{"1":[2,0],"2":[2,1],"3":[1,1],"4":[0,0],"5":[0,0],"6":[0,0],"7":[0,0],"8":[0,0],"9":[0,0],"10":[1,0],"11":[1,0]},"f":{"1":30,"2":3,"3":2,"4":2,"5":3,"6":0,"7":1},"fnMap":{"1":{"name":"constructor","line":15,"loc":{"start":{"line":15,"column":4},"end":{"line":21,"column":4}}},"2":{"name":"setWasPurchased","line":23,"loc":{"start":{"line":23,"column":4},"end":{"line":25,"column":4}}},"3":{"name":"setOptionExecuted","line":27,"loc":{"start":{"line":27,"column":4},"end":{"line":29,"column":4}}},"4":{"name":"depositCollateral","line":32,"loc":{"start":{"line":32,"column":4},"end":{"line":34,"column":4}}},"5":{"name":"purchaseOption","line":37,"loc":{"start":{"line":37,"column":4},"end":{"line":49,"column":4}}},"6":{"name":"executeOption","line":52,"loc":{"start":{"line":52,"column":4},"end":{"line":69,"column":4}}},"7":{"name":"refund","line":72,"loc":{"start":{"line":72,"column":4},"end":{"line":77,"column":4}}}},"statementMap":{"1":{"start":{"line":33,"column":8},"end":{"line":33,"column":60}},"2":{"start":{"line":39,"column":8},"end":{"line":39,"column":37}},"3":{"start":{"line":41,"column":8},"end":{"line":41,"column":68}},"4":{"start":{"line":45,"column":8},"end":{"line":45,"column":46}},"5":{"start":{"line":54,"column":8},"end":{"line":54,"column":69}},"6":{"start":{"line":56,"column":8},"end":{"line":56,"column":77}},"7":{"start":{"line":58,"column":8},"end":{"line":58,"column":56}},"8":{"start":{"line":60,"column":8},"end":{"line":60,"column":64}},"9":{"start":{"line":62,"column":8},"end":{"line":62,"column":57}},"10":{"start":{"line":64,"column":8},"end":{"line":64,"column":74}},"11":{"start":{"line":66,"column":8},"end":{"line":66,"column":58}},"12":{"start":{"line":74,"column":8},"end":{"line":74,"column":75}},"13":{"start":{"line":75,"column":8},"end":{"line":75,"column":74}},"14":{"start":{"line":76,"column":8},"end":{"line":76,"column":60}}},"branchMap":{"1":{"line":33,"type":"if","locations":[{"start":{"line":33,"column":8},"end":{"line":33,"column":8}},{"start":{"line":33,"column":8},"end":{"line":33,"column":8}}]},"2":{"line":39,"type":"if","locations":[{"start":{"line":39,"column":8},"end":{"line":39,"column":8}},{"start":{"line":39,"column":8},"end":{"line":39,"column":8}}]},"3":{"line":41,"type":"if","locations":[{"start":{"line":41,"column":8},"end":{"line":41,"column":8}},{"start":{"line":41,"column":8},"end":{"line":41,"column":8}}]},"4":{"line":54,"type":"if","locations":[{"start":{"line":54,"column":8},"end":{"line":54,"column":8}},{"start":{"line":54,"column":8},"end":{"line":54,"column":8}}]},"5":{"line":56,"type":"if","locations":[{"start":{"line":56,"column":8},"end":{"line":56,"column":8}},{"start":{"line":56,"column":8},"end":{"line":56,"column":8}}]},"6":{"line":58,"type":"if","locations":[{"start":{"line":58,"column":8},"end":{"line":58,"column":8}},{"start":{"line":58,"column":8},"end":{"line":58,"column":8}}]},"7":{"line":60,"type":"if","locations":[{"start":{"line":60,"column":8},"end":{"line":60,"column":8}},{"start":{"line":60,"column":8},"end":{"line":60,"column":8}}]},"8":{"line":62,"type":"if","locations":[{"start":{"line":62,"column":8},"end":{"line":62,"column":8}},{"start":{"line":62,"column":8},"end":{"line":62,"column":8}}]},"9":{"line":64,"type":"if","locations":[{"start":{"line":64,"column":8},"end":{"line":64,"column":8}},{"start":{"line":64,"column":8},"end":{"line":64,"column":8}}]},"10":{"line":74,"type":"if","locations":[{"start":{"line":74,"column":8},"end":{"line":74,"column":8}},{"start":{"line":74,"column":8},"end":{"line":74,"column":8}}]},"11":{"line":75,"type":"if","locations":[{"start":{"line":75,"column":8},"end":{"line":75,"column":8}},{"start":{"line":75,"column":8},"end":{"line":75,"column":8}}]}}}}
