TN:
SF:C:\Users\jokel\covered_call_contract\contracts\CoveredCallContract.sol
FN:15,constructor
FN:23,setWasPurchased
FN:27,setOptionExecuted
FN:32,depositCollateral
FN:37,purchaseOption
FN:52,executeOption
FN:72,refund
FNF:7
FNH:6
FNDA:30,constructor
FNDA:3,setWasPurchased
FNDA:2,setOptionExecuted
FNDA:2,depositCollateral
FNDA:3,purchaseOption
FNDA:0,executeOption
FNDA:1,refund
DA:16,30
DA:17,30
DA:18,30
DA:19,30
DA:20,30
DA:24,3
DA:28,2
DA:33,2
DA:39,3
DA:41,2
DA:43,1
DA:45,1
DA:47,1
DA:54,0
DA:56,0
DA:58,0
DA:60,0
DA:62,0
DA:64,0
DA:66,0
DA:68,0
DA:74,1
DA:75,1
DA:76,1
LF:24
LH:16
BRDA:33,1,0,2
BRDA:33,1,1,0
BRDA:39,2,0,2
BRDA:39,2,1,1
BRDA:41,3,0,1
BRDA:41,3,1,1
BRDA:54,4,0,0
BRDA:54,4,1,0
BRDA:56,5,0,0
BRDA:56,5,1,0
BRDA:58,6,0,0
BRDA:58,6,1,0
BRDA:60,7,0,0
BRDA:60,7,1,0
BRDA:62,8,0,0
BRDA:62,8,1,0
BRDA:64,9,0,0
BRDA:64,9,1,0
BRDA:74,10,0,1
BRDA:74,10,1,0
BRDA:75,11,0,1
BRDA:75,11,1,0
BRF:22
BRH:7
end_of_record
